<?xml version="1.0" encoding="UTF-8"?>
<!-- Generated by org.testng.reporters.JUnitXMLReporter -->
<testsuite hostname="USER-PC" ignored="0" name="CRM PRO TEST CASES" tests="8" failures="0" timestamp="24 May 2020 08:23:03 GMT" time="268.425" errors="0">
  <testcase name="addDeal" time="11.224" classname="crmtest.CreateDealTest"/>
  <testcase name="addDeal" time="10.693" classname="crmtest.CreateDealTest"/>
  <testcase name="TitleTest" time="0.04" classname="crmtest.LoginPageTest"/>
  <testcase name="validateLogoNameTest" time="10.148" classname="crmtest.HomePageTest"/>
  <testcase name="LoginTest" time="24.776" classname="crmtest.LoginPageTest"/>
  <testcase name="validateUserLabelTest" time="10.161" classname="crmtest.HomePageTest"/>
  <testcase name="clickDealMenuTest" time="1.537" classname="crmtest.HomePageTest"/>
  <testcase name="clickcompaniesMenuTest" time="1.565" classname="crmtest.HomePageTest"/>
</testsuite> <!-- CRM PRO TEST CASES -->
